<?xml version="1.0" encoding="UTF-8"?>
<!-- Generated by org.testng.reporters.JUnitReportReporter -->
<testsuite hostname="INLaptop140.local" name="com.galenframework.java.sample.tests.ISMLandingPageTest" tests="1" failures="1" timestamp="14 May 2020 14:38:14 GMT" time="62.343" errors="0">
  <testcase name="ISM_Landing_Page_onDevice" time="62.343" classname="com.galenframework.java.sample.tests.ISMLandingPageTest">
    <failure type="com.galenframework.support.LayoutValidationException" message="/specs/ISMLanding.spec, tags: [desktop]
  - &quot;header&quot; is absent on page (/specs/common.spec:15)
  - &quot;header&quot; is absent on page (/specs/common.spec:16)
  - &quot;header&quot; is absent on page (/specs/common.spec:17)
  - &quot;header&quot; is absent on page (/specs/common.spec:28)
  - &quot;header&quot; is absent on page (/specs/common.spec:20)
  - &quot;header-text&quot; is absent on page (/specs/common.spec:21)
  - &quot;header-text&quot; is absent on page (/specs/ISMLanding.spec:13)
  - &quot;header-logo&quot; width is 172px instead of 26px (/specs/ISMLanding.spec:14)
  - &quot;header-logo&quot; is 34px top instead of 3px, is 93px left instead of 24px, is 34px bottom instead of 3px, is 1415px right instead of 944px (/specs/ISMLanding.spec:15)
  - &quot;header-text&quot; is absent on page (/specs/common.spec:24)
  - &quot;header-text&quot; is absent on page (/specs/common.spec:31)
  - &quot;menu&quot; is absent on page (/specs/common.spec:43)
  - &quot;menu&quot; is absent on page (/specs/common.spec:44)
  - &quot;menu&quot; is absent on page (/specs/common.spec:49)
  - Cannot find locator for &quot;menu-item-1&quot; in page spec (/specs/common.spec:54)
  - &quot;content&quot; is absent on page (/specs/common.spec:83)
  - &quot;content&quot; is absent on page (/specs/common.spec:84)
  - &quot;content&quot; is absent on page (/specs/common.spec:89)
  - &quot;footer&quot; is absent on page (/specs/common.spec:94)
  - &quot;footer&quot; is absent on page (/specs/common.spec:95)
">
      <![CDATA[com.galenframework.support.LayoutValidationException: /specs/ISMLanding.spec, tags: [desktop]
  - "header" is absent on page (/specs/common.spec:15)
  - "header" is absent on page (/specs/common.spec:16)
  - "header" is absent on page (/specs/common.spec:17)
  - "header" is absent on page (/specs/common.spec:28)
  - "header" is absent on page (/specs/common.spec:20)
  - "header-text" is absent on page (/specs/common.spec:21)
  - "header-text" is absent on page (/specs/ISMLanding.spec:13)
  - "header-logo" width is 172px instead of 26px (/specs/ISMLanding.spec:14)
  - "header-logo" is 34px top instead of 3px, is 93px left instead of 24px, is 34px bottom instead of 3px, is 1415px right instead of 944px (/specs/ISMLanding.spec:15)
  - "header-text" is absent on page (/specs/common.spec:24)
  - "header-text" is absent on page (/specs/common.spec:31)
  - "menu" is absent on page (/specs/common.spec:43)
  - "menu" is absent on page (/specs/common.spec:44)
  - "menu" is absent on page (/specs/common.spec:49)
  - Cannot find locator for "menu-item-1" in page spec (/specs/common.spec:54)
  - "content" is absent on page (/specs/common.spec:83)
  - "content" is absent on page (/specs/common.spec:84)
  - "content" is absent on page (/specs/common.spec:89)
  - "footer" is absent on page (/specs/common.spec:94)
  - "footer" is absent on page (/specs/common.spec:95)

	at com.galenframework.support.GalenJavaTestBase.checkLayout(GalenJavaTestBase.java:129)
	at com.galenframework.support.GalenJavaTestBase.checkLayout(GalenJavaTestBase.java:111)
	at com.galenframework.java.sample.tests.ISMLandingPageTest.ISM_Landing_Page_onDevice(ISMLandingPageTest.java:17)
	at sun.reflect.NativeMethodAccessorImpl.invoke0(Native Method)
	at sun.reflect.NativeMethodAccessorImpl.invoke(NativeMethodAccessorImpl.java:62)
	at sun.reflect.DelegatingMethodAccessorImpl.invoke(DelegatingMethodAccessorImpl.java:43)
	at java.lang.reflect.Method.invoke(Method.java:498)
	at org.testng.internal.MethodInvocationHelper.invokeMethod(MethodInvocationHelper.java:80)
	at org.testng.internal.Invoker.invokeMethod(Invoker.java:715)
	at org.testng.internal.Invoker.invokeTestMethod(Invoker.java:907)
	at org.testng.internal.Invoker.invokeTestMethods(Invoker.java:1237)
	at org.testng.internal.TestMethodWorker.invokeTestMethods(TestMethodWorker.java:127)
	at org.testng.internal.TestMethodWorker.run(TestMethodWorker.java:111)
	at org.testng.TestRunner.privateRun(TestRunner.java:767)
	at org.testng.TestRunner.run(TestRunner.java:617)
	at org.testng.SuiteRunner.runTest(SuiteRunner.java:334)
	at org.testng.SuiteRunner.runSequentially(SuiteRunner.java:329)
	at org.testng.SuiteRunner.privateRun(SuiteRunner.java:291)
	at org.testng.SuiteRunner.run(SuiteRunner.java:240)
	at org.testng.SuiteRunnerWorker.runSuite(SuiteRunnerWorker.java:51)
	at org.testng.SuiteRunnerWorker.run(SuiteRunnerWorker.java:85)
	at org.testng.TestNG.runSuitesSequentially(TestNG.java:1197)
	at org.testng.TestNG.runSuitesLocally(TestNG.java:1122)
	at org.testng.TestNG.run(TestNG.java:1030)
	at org.testng.remote.AbstractRemoteTestNG.run(AbstractRemoteTestNG.java:114)
	at org.testng.remote.RemoteTestNG.initAndRun(RemoteTestNG.java:251)
	at org.testng.remote.RemoteTestNG.main(RemoteTestNG.java:77)
]]>
    </failure>
  </testcase> <!-- ISM_Landing_Page_onDevice -->
</testsuite> <!-- com.galenframework.java.sample.tests.ISMLandingPageTest -->
