<?xml version="1.0" encoding="UTF-8"?>
<!-- Generated by org.testng.reporters.JUnitReportReporter -->
<testsuite hostname="INLaptop140.local" name="com.galenframework.java.sample.tests.ISMPurchasePage" tests="1" failures="0" timestamp="2 Jun 2020 18:39:22 GMT" time="55.831" errors="0">
  <testcase name="ISM_Landing_Page_onDevice" time="55.831" classname="com.galenframework.java.sample.tests.ISMPurchasePage"/>
</testsuite> <!-- com.galenframework.java.sample.tests.ISMPurchasePage -->
