<?xml version="1.0" encoding="UTF-8"?>
<!-- Generated by org.testng.reporters.JUnitReportReporter -->
<testsuite hostname="INLaptop140.local" name="com.galenframework.java.sample.tests.ISMEventInfoPage" tests="1" failures="0" timestamp="1 Jun 2020 14:49:42 GMT" time="100.844" errors="0">
  <testcase name="ISM_MAP_Page_onDevice" time="100.844" classname="com.galenframework.java.sample.tests.ISMEventInfoPage"/>
</testsuite> <!-- com.galenframework.java.sample.tests.ISMEventInfoPage -->
